2025-08-12 15:04:48,098 - INFO - Attempting to locate the flight data table...
2025-08-12 15:04:56,462 - INFO - Table found using WebDriverWait
2025-08-12 15:04:57,366 - INFO - Screenshot saved to page_debug.png
2025-08-12 15:15:01,933 - INFO - Processando data: 05-02-2026
2025-08-12 15:15:01,933 - INFO - Acessando URL para a data 05-02-2026...
2025-08-12 15:15:19,766 - INFO - Attempting to locate the flight data table...
2025-08-12 15:15:28,861 - INFO - Table found using WebDriverWait
2025-08-12 15:15:30,034 - INFO - Screenshot saved to page_debug.png
2025-08-12 15:15:30,035 - INFO - Extraindo voo 1 para a data 05-02-2026...
2025-08-12 15:15:32,380 - INFO - Voo 1 extraído com sucesso: {'Data': '05-02-2026', 'Origem': 'FOR - 11:00', 'Destino': 'GIG - 14:20', 'Duração': '03:20', 'Operador': 'Direto', 'Preço': 'R$ 1.034,47'}
2025-08-12 15:15:32,380 - INFO - Extraindo voo 2 para a data 05-02-2026...
2025-08-12 15:15:34,119 - INFO - Voo 2 extraído com sucesso: {'Data': '05-02-2026', 'Origem': 'FOR - 18:10', 'Destino': 'GIG - 21:30', 'Duração': '03:20', 'Operador': 'Direto', 'Preço': 'R$ 1.034,47'}
2025-08-12 15:15:34,119 - INFO - Extraindo voo 3 para a data 05-02-2026...
2025-08-12 15:15:36,100 - INFO - Voo 3 extraído com sucesso: {'Data': '05-02-2026', 'Origem': 'FOR - 17:20', 'Destino': 'GIG - 22:35', 'Duração': '05:15', 'Operador': '1 parada', 'Preço': 'R$ 1.034,47'}
2025-08-12 15:15:36,101 - INFO - Total de voos extraídos para 05-02-2026: 3
2025-08-12 15:15:38,101 - INFO - Processando data: 06-02-2026
2025-08-12 15:15:38,102 - INFO - Acessando URL para a data 06-02-2026...
2025-08-12 15:15:50,216 - INFO - Attempting to locate the flight data table...
2025-08-12 15:15:56,943 - INFO - Table found using WebDriverWait
2025-08-12 15:15:58,344 - INFO - Screenshot saved to page_debug.png
2025-08-12 15:15:58,344 - INFO - Extraindo voo 1 para a data 06-02-2026...
2025-08-12 15:16:00,699 - INFO - Voo 1 extraído com sucesso: {'Data': '06-02-2026', 'Origem': 'FOR - 01:55', 'Destino': 'GIG - 05:15', 'Duração': '03:20', 'Operador': 'Direto', 'Preço': 'R$ 1.034,47'}
2025-08-12 15:16:00,699 - INFO - Extraindo voo 2 para a data 06-02-2026...
2025-08-12 15:16:02,669 - INFO - Voo 2 extraído com sucesso: {'Data': '06-02-2026', 'Origem': 'FOR - 11:00', 'Destino': 'GIG - 14:20', 'Duração': '03:20', 'Operador': 'Direto', 'Preço': 'R$ 1.034,47'}
2025-08-12 15:16:02,669 - INFO - Extraindo voo 3 para a data 06-02-2026...
2025-08-12 15:16:04,645 - INFO - Voo 3 extraído com sucesso: {'Data': '06-02-2026', 'Origem': 'FOR - 15:55', 'Destino': 'GIG - 19:15', 'Duração': '03:20', 'Operador': 'Direto', 'Preço': 'R$ 1.034,47'}
2025-08-12 15:16:04,645 - INFO - Total de voos extraídos para 06-02-2026: 3
2025-08-12 15:16:06,646 - INFO - Processando data: 07-02-2026
2025-08-12 15:16:06,646 - INFO - Acessando URL para a data 07-02-2026...
2025-08-12 15:16:18,735 - INFO - Attempting to locate the flight data table...
2025-08-12 15:16:25,382 - INFO - Table found using WebDriverWait
2025-08-12 15:16:27,006 - INFO - Screenshot saved to page_debug.png
2025-08-12 15:16:27,007 - INFO - Extraindo voo 1 para a data 07-02-2026...
2025-08-12 15:16:29,517 - INFO - Voo 1 extraído com sucesso: {'Data': '07-02-2026', 'Origem': 'FOR - 11:00', 'Destino': 'GIG - 14:20', 'Duração': '03:20', 'Operador': 'Direto', 'Preço': 'R$ 1.034,47'}
2025-08-12 15:16:29,518 - INFO - Extraindo voo 2 para a data 07-02-2026...
2025-08-12 15:16:32,325 - INFO - Voo 2 extraído com sucesso: {'Data': '07-02-2026', 'Origem': 'FOR - 15:55', 'Destino': 'GIG - 19:15', 'Duração': '03:20', 'Operador': 'Direto', 'Preço': 'R$ 1.034,47'}
2025-08-12 15:16:32,325 - INFO - Extraindo voo 3 para a data 07-02-2026...
2025-08-12 15:16:33,883 - INFO - Voo 3 extraído com sucesso: {'Data': '07-02-2026', 'Origem': 'FOR - 18:10', 'Destino': 'GIG - 21:30', 'Duração': '03:20', 'Operador': 'Direto', 'Preço': 'R$ 1.034,47'}
2025-08-12 15:16:33,883 - INFO - Total de voos extraídos para 07-02-2026: 3
2025-08-12 15:16:35,884 - INFO - Processando data: 08-02-2026
2025-08-12 15:16:35,885 - INFO - Acessando URL para a data 08-02-2026...
2025-08-12 15:16:47,626 - INFO - Attempting to locate the flight data table...
2025-08-12 15:16:55,302 - INFO - Table found using WebDriverWait
2025-08-12 15:16:56,211 - INFO - Screenshot saved to page_debug.png
2025-08-12 15:16:56,212 - INFO - Extraindo voo 1 para a data 08-02-2026...
2025-08-12 15:16:58,749 - INFO - Voo 1 extraído com sucesso: {'Data': '08-02-2026', 'Origem': 'FOR - 08:35', 'Destino': 'GIG - 11:55', 'Duração': '03:20', 'Operador': 'Direto', 'Preço': 'R$ 1.034,47'}
2025-08-12 15:16:58,749 - INFO - Extraindo voo 2 para a data 08-02-2026...
2025-08-12 15:17:00,900 - INFO - Voo 2 extraído com sucesso: {'Data': '08-02-2026', 'Origem': 'FOR - 15:55', 'Destino': 'GIG - 19:15', 'Duração': '03:20', 'Operador': 'Direto', 'Preço': 'R$ 1.034,47'}
2025-08-12 15:17:00,900 - INFO - Extraindo voo 3 para a data 08-02-2026...
2025-08-12 15:17:02,495 - INFO - Voo 3 extraído com sucesso: {'Data': '08-02-2026', 'Origem': 'FOR - 18:10', 'Destino': 'GIG - 21:30', 'Duração': '03:20', 'Operador': 'Direto', 'Preço': 'R$ 1.034,47'}
2025-08-12 15:17:02,495 - INFO - Total de voos extraídos para 08-02-2026: 3
2025-08-12 15:17:04,496 - INFO - Processando data: 09-02-2026
2025-08-12 15:17:04,497 - INFO - Acessando URL para a data 09-02-2026...
2025-08-12 15:17:17,130 - INFO - Attempting to locate the flight data table...
2025-08-12 15:17:24,062 - INFO - Table found using WebDriverWait
2025-08-12 15:17:25,521 - INFO - Screenshot saved to page_debug.png
2025-08-12 15:17:25,522 - INFO - Extraindo voo 1 para a data 09-02-2026...
2025-08-12 15:17:27,931 - INFO - Voo 1 extraído com sucesso: {'Data': '09-02-2026', 'Origem': 'FOR - 11:00', 'Destino': 'GIG - 14:20', 'Duração': '03:20', 'Operador': 'Direto', 'Preço': 'R$ 1.034,47'}
2025-08-12 15:17:27,932 - INFO - Extraindo voo 2 para a data 09-02-2026...
2025-08-12 15:17:29,941 - INFO - Voo 2 extraído com sucesso: {'Data': '09-02-2026', 'Origem': 'FOR - 15:55', 'Destino': 'GIG - 19:15', 'Duração': '03:20', 'Operador': 'Direto', 'Preço': 'R$ 1.034,47'}
2025-08-12 15:17:29,942 - INFO - Extraindo voo 3 para a data 09-02-2026...
2025-08-12 15:17:31,598 - INFO - Voo 3 extraído com sucesso: {'Data': '09-02-2026', 'Origem': 'FOR - 18:10', 'Destino': 'GIG - 21:30', 'Duração': '03:20', 'Operador': 'Direto', 'Preço': 'R$ 1.034,47'}
2025-08-12 15:17:31,599 - INFO - Total de voos extraídos para 09-02-2026: 3
2025-08-12 15:17:33,600 - INFO - Processando data: 10-02-2026
2025-08-12 15:17:33,600 - INFO - Acessando URL para a data 10-02-2026...
2025-08-12 15:17:45,025 - INFO - Attempting to locate the flight data table...
2025-08-12 15:17:51,138 - INFO - Table found using WebDriverWait
2025-08-12 15:17:52,082 - INFO - Screenshot saved to page_debug.png
2025-08-12 15:17:52,083 - INFO - Extraindo voo 1 para a data 10-02-2026...
2025-08-12 15:17:54,744 - INFO - Voo 1 extraído com sucesso: {'Data': '10-02-2026', 'Origem': 'FOR - 01:55', 'Destino': 'GIG - 05:15', 'Duração': '03:20', 'Operador': 'Direto', 'Preço': 'R$ 1.034,47'}
2025-08-12 15:17:54,744 - INFO - Extraindo voo 2 para a data 10-02-2026...
2025-08-12 15:17:57,339 - INFO - Voo 2 extraído com sucesso: {'Data': '10-02-2026', 'Origem': 'FOR - 11:00', 'Destino': 'GIG - 14:20', 'Duração': '03:20', 'Operador': 'Direto', 'Preço': 'R$ 1.229,47'}
2025-08-12 15:17:57,339 - INFO - Extraindo voo 3 para a data 10-02-2026...
2025-08-12 15:17:59,215 - INFO - Voo 3 extraído com sucesso: {'Data': '10-02-2026', 'Origem': 'FOR - 15:55', 'Destino': 'GIG - 19:15', 'Duração': '03:20', 'Operador': 'Direto', 'Preço': 'R$ 1.229,47'}
2025-08-12 15:17:59,215 - INFO - Total de voos extraídos para 10-02-2026: 3
2025-08-12 15:18:01,216 - INFO - Processando data: 11-02-2026
2025-08-12 15:18:01,216 - INFO - Acessando URL para a data 11-02-2026...
2025-08-12 15:18:14,763 - INFO - Attempting to locate the flight data table...
2025-08-12 15:18:21,335 - INFO - Table found using WebDriverWait
2025-08-12 15:18:22,442 - INFO - Screenshot saved to page_debug.png
2025-08-12 15:18:22,443 - INFO - Extraindo voo 1 para a data 11-02-2026...
2025-08-12 15:18:24,828 - INFO - Voo 1 extraído com sucesso: {'Data': '11-02-2026', 'Origem': 'FOR - 01:55', 'Destino': 'GIG - 05:15', 'Duração': '03:20', 'Operador': 'Direto', 'Preço': 'R$ 1.229,47'}
2025-08-12 15:18:24,829 - INFO - Extraindo voo 2 para a data 11-02-2026...
2025-08-12 15:18:26,862 - INFO - Voo 2 extraído com sucesso: {'Data': '11-02-2026', 'Origem': 'FOR - 11:00', 'Destino': 'GIG - 14:20', 'Duração': '03:20', 'Operador': 'Direto', 'Preço': 'R$ 1.229,47'}
2025-08-12 15:18:26,863 - INFO - Extraindo voo 3 para a data 11-02-2026...
2025-08-12 15:18:28,790 - INFO - Voo 3 extraído com sucesso: {'Data': '11-02-2026', 'Origem': 'FOR - 15:55', 'Destino': 'GIG - 19:15', 'Duração': '03:20', 'Operador': 'Direto', 'Preço': 'R$ 1.229,47'}
2025-08-12 15:18:28,793 - INFO - Total de voos extraídos para 11-02-2026: 3
2025-08-12 15:18:30,794 - INFO - Processando data: 12-02-2026
2025-08-12 15:18:30,795 - INFO - Acessando URL para a data 12-02-2026...
2025-08-12 15:18:43,066 - INFO - Attempting to locate the flight data table...
2025-08-12 15:18:50,965 - INFO - Table found using WebDriverWait
2025-08-12 15:18:52,570 - INFO - Screenshot saved to page_debug.png
2025-08-12 15:18:52,570 - INFO - Extraindo voo 1 para a data 12-02-2026...
2025-08-12 15:18:54,873 - INFO - Voo 1 extraído com sucesso: {'Data': '12-02-2026', 'Origem': 'FOR - 11:00', 'Destino': 'GIG - 14:20', 'Duração': '03:20', 'Operador': 'Direto', 'Preço': 'R$ 1.229,47'}
2025-08-12 15:18:54,874 - INFO - Extraindo voo 2 para a data 12-02-2026...
2025-08-12 15:18:56,828 - INFO - Voo 2 extraído com sucesso: {'Data': '12-02-2026', 'Origem': 'FOR - 18:10', 'Destino': 'GIG - 21:30', 'Duração': '03:20', 'Operador': 'Direto', 'Preço': 'R$ 1.229,47'}
2025-08-12 15:18:56,828 - INFO - Extraindo voo 3 para a data 12-02-2026...
2025-08-12 15:18:58,664 - INFO - Voo 3 extraído com sucesso: {'Data': '12-02-2026', 'Origem': 'FOR - 00:30', 'Destino': 'GIG - 06:10', 'Duração': '05:40', 'Operador': '1 parada', 'Preço': 'R$ 1.229,47'}
2025-08-12 15:18:58,664 - INFO - Total de voos extraídos para 12-02-2026: 3
2025-08-12 15:19:00,665 - INFO - Processando data: 13-02-2026
2025-08-12 15:19:00,665 - INFO - Acessando URL para a data 13-02-2026...
2025-08-12 15:19:13,895 - INFO - Attempting to locate the flight data table...
2025-08-12 15:19:21,404 - INFO - Table found using WebDriverWait
2025-08-12 15:19:24,455 - INFO - Screenshot saved to page_debug.png
2025-08-12 15:19:24,456 - INFO - Extraindo voo 1 para a data 13-02-2026...
2025-08-12 15:19:27,515 - INFO - Voo 1 extraído com sucesso: {'Data': '13-02-2026', 'Origem': 'FOR - 01:55', 'Destino': 'GIG - 05:15', 'Duração': '03:20', 'Operador': 'Direto', 'Preço': 'R$ 1.229,47'}
2025-08-12 15:19:27,515 - INFO - Extraindo voo 2 para a data 13-02-2026...
2025-08-12 15:19:29,388 - INFO - Voo 2 extraído com sucesso: {'Data': '13-02-2026', 'Origem': 'FOR - 15:55', 'Destino': 'GIG - 19:15', 'Duração': '03:20', 'Operador': 'Direto', 'Preço': 'R$ 1.229,47'}
2025-08-12 15:19:29,388 - INFO - Extraindo voo 3 para a data 13-02-2026...
2025-08-12 15:19:31,105 - INFO - Voo 3 extraído com sucesso: {'Data': '13-02-2026', 'Origem': 'FOR - 04:25', 'Destino': 'GIG - 12:50', 'Duração': '08:25', 'Operador': '1 parada', 'Preço': 'R$ 1.229,47'}
2025-08-12 15:19:31,105 - INFO - Total de voos extraídos para 13-02-2026: 3
2025-08-12 15:19:33,106 - INFO - Processando data: 14-02-2026
2025-08-12 15:19:33,106 - INFO - Acessando URL para a data 14-02-2026...
2025-08-12 15:19:44,532 - INFO - Attempting to locate the flight data table...
2025-08-12 15:19:50,017 - INFO - Table found using WebDriverWait
2025-08-12 15:19:50,924 - INFO - Screenshot saved to page_debug.png
2025-08-12 15:19:50,924 - INFO - Extraindo voo 1 para a data 14-02-2026...
2025-08-12 15:19:53,391 - INFO - Voo 1 extraído com sucesso: {'Data': '14-02-2026', 'Origem': 'FOR - 01:55', 'Destino': 'GIG - 05:15', 'Duração': '03:20', 'Operador': 'Direto', 'Preço': 'R$ 1.229,47'}
2025-08-12 15:19:53,391 - INFO - Extraindo voo 2 para a data 14-02-2026...
2025-08-12 15:19:55,503 - INFO - Voo 2 extraído com sucesso: {'Data': '14-02-2026', 'Origem': 'FOR - 11:00', 'Destino': 'GIG - 14:20', 'Duração': '03:20', 'Operador': 'Direto', 'Preço': 'R$ 1.229,47'}
2025-08-12 15:19:55,504 - INFO - Extraindo voo 3 para a data 14-02-2026...
2025-08-12 15:19:57,059 - INFO - Voo 3 extraído com sucesso: {'Data': '14-02-2026', 'Origem': 'FOR - 15:55', 'Destino': 'GIG - 19:15', 'Duração': '03:20', 'Operador': 'Direto', 'Preço': 'R$ 1.229,47'}
2025-08-12 15:19:57,059 - INFO - Total de voos extraídos para 14-02-2026: 3
2025-08-12 15:19:59,060 - INFO - Processando data: 15-02-2026
2025-08-12 15:19:59,061 - INFO - Acessando URL para a data 15-02-2026...
2025-08-12 15:20:10,091 - INFO - Attempting to locate the flight data table...
2025-08-12 15:20:16,713 - INFO - Table found using WebDriverWait
2025-08-12 15:20:17,851 - INFO - Screenshot saved to page_debug.png
2025-08-12 15:20:17,852 - INFO - Extraindo voo 1 para a data 15-02-2026...
2025-08-12 15:20:20,264 - INFO - Voo 1 extraído com sucesso: {'Data': '15-02-2026', 'Origem': 'FOR - 08:35', 'Destino': 'GIG - 11:55', 'Duração': '03:20', 'Operador': 'Direto', 'Preço': 'R$ 1.229,47'}
2025-08-12 15:20:20,264 - INFO - Extraindo voo 2 para a data 15-02-2026...
2025-08-12 15:20:22,192 - INFO - Voo 2 extraído com sucesso: {'Data': '15-02-2026', 'Origem': 'FOR - 15:55', 'Destino': 'GIG - 19:15', 'Duração': '03:20', 'Operador': 'Direto', 'Preço': 'R$ 1.229,47'}
2025-08-12 15:20:22,193 - INFO - Extraindo voo 3 para a data 15-02-2026...
2025-08-12 15:20:23,776 - INFO - Voo 3 extraído com sucesso: {'Data': '15-02-2026', 'Origem': 'FOR - 18:10', 'Destino': 'GIG - 21:30', 'Duração': '03:20', 'Operador': 'Direto', 'Preço': 'R$ 1.229,47'}
2025-08-12 15:20:23,776 - INFO - Total de voos extraídos para 15-02-2026: 3
2025-08-12 15:20:25,777 - INFO - Processando data: 16-02-2026
2025-08-12 15:20:25,778 - INFO - Acessando URL para a data 16-02-2026...
2025-08-12 15:20:38,058 - INFO - Attempting to locate the flight data table...
2025-08-12 15:20:44,831 - INFO - Table found using WebDriverWait
2025-08-12 15:20:46,064 - INFO - Screenshot saved to page_debug.png
2025-08-12 15:20:46,064 - INFO - Extraindo voo 1 para a data 16-02-2026...
2025-08-12 15:20:48,358 - INFO - Voo 1 extraído com sucesso: {'Data': '16-02-2026', 'Origem': 'FOR - 01:55', 'Destino': 'GIG - 05:15', 'Duração': '03:20', 'Operador': 'Direto', 'Preço': 'R$ 1.229,47'}
2025-08-12 15:20:48,359 - INFO - Extraindo voo 2 para a data 16-02-2026...
2025-08-12 15:20:50,239 - INFO - Voo 2 extraído com sucesso: {'Data': '16-02-2026', 'Origem': 'FOR - 11:00', 'Destino': 'GIG - 14:20', 'Duração': '03:20', 'Operador': 'Direto', 'Preço': 'R$ 1.229,47'}
2025-08-12 15:20:50,239 - INFO - Extraindo voo 3 para a data 16-02-2026...
2025-08-12 15:20:51,725 - INFO - Voo 3 extraído com sucesso: {'Data': '16-02-2026', 'Origem': 'FOR - 15:55', 'Destino': 'GIG - 19:15', 'Duração': '03:20', 'Operador': 'Direto', 'Preço': 'R$ 1.229,47'}
2025-08-12 15:20:51,725 - INFO - Total de voos extraídos para 16-02-2026: 3
2025-08-12 15:20:53,726 - INFO - Processando data: 17-02-2026
2025-08-12 15:20:53,726 - INFO - Acessando URL para a data 17-02-2026...
2025-08-12 15:21:04,430 - INFO - Attempting to locate the flight data table...
2025-08-12 15:21:09,222 - INFO - Table found using WebDriverWait
2025-08-12 15:21:10,167 - INFO - Screenshot saved to page_debug.png
2025-08-12 15:21:10,168 - INFO - Extraindo voo 1 para a data 17-02-2026...
2025-08-12 15:21:12,633 - INFO - Voo 1 extraído com sucesso: {'Data': '17-02-2026', 'Origem': 'FOR - 01:55', 'Destino': 'GIG - 05:15', 'Duração': '03:20', 'Operador': 'Direto', 'Preço': 'R$ 1.229,47'}
2025-08-12 15:21:12,633 - INFO - Extraindo voo 2 para a data 17-02-2026...
2025-08-12 15:21:14,389 - INFO - Voo 2 extraído com sucesso: {'Data': '17-02-2026', 'Origem': 'FOR - 11:00', 'Destino': 'GIG - 14:20', 'Duração': '03:20', 'Operador': 'Direto', 'Preço': 'R$ 1.229,47'}
2025-08-12 15:21:14,389 - INFO - Extraindo voo 3 para a data 17-02-2026...
2025-08-12 15:21:16,106 - INFO - Voo 3 extraído com sucesso: {'Data': '17-02-2026', 'Origem': 'FOR - 15:55', 'Destino': 'GIG - 19:15', 'Duração': '03:20', 'Operador': 'Direto', 'Preço': 'R$ 1.229,47'}
2025-08-12 15:21:16,106 - INFO - Total de voos extraídos para 17-02-2026: 3
2025-08-12 15:21:18,107 - INFO - Processando data: 18-02-2026
2025-08-12 15:21:18,107 - INFO - Acessando URL para a data 18-02-2026...
2025-08-12 15:21:28,980 - INFO - Attempting to locate the flight data table...
2025-08-12 15:21:33,633 - INFO - Table found using WebDriverWait
2025-08-12 15:21:34,868 - INFO - Screenshot saved to page_debug.png
2025-08-12 15:21:34,868 - INFO - Extraindo voo 1 para a data 18-02-2026...
2025-08-12 15:21:37,262 - INFO - Voo 1 extraído com sucesso: {'Data': '18-02-2026', 'Origem': 'FOR - 01:55', 'Destino': 'GIG - 05:15', 'Duração': '03:20', 'Operador': 'Direto', 'Preço': 'R$ 1.229,47'}
2025-08-12 15:21:37,263 - INFO - Extraindo voo 2 para a data 18-02-2026...
2025-08-12 15:21:38,817 - INFO - Voo 2 extraído com sucesso: {'Data': '18-02-2026', 'Origem': 'FOR - 11:00', 'Destino': 'GIG - 14:20', 'Duração': '03:20', 'Operador': 'Direto', 'Preço': 'R$ 1.464,47'}
2025-08-12 15:21:38,817 - INFO - Extraindo voo 3 para a data 18-02-2026...
2025-08-12 15:21:40,485 - INFO - Voo 3 extraído com sucesso: {'Data': '18-02-2026', 'Origem': 'FOR - 15:55', 'Destino': 'GIG - 19:15', 'Duração': '03:20', 'Operador': 'Direto', 'Preço': 'R$ 1.464,47'}
2025-08-12 15:21:40,485 - INFO - Total de voos extraídos para 18-02-2026: 3
2025-08-12 15:21:42,486 - INFO - Processando data: 19-02-2026
2025-08-12 15:21:42,486 - INFO - Acessando URL para a data 19-02-2026...
2025-08-12 15:21:53,424 - INFO - Attempting to locate the flight data table...
2025-08-12 15:21:58,286 - INFO - Table found using WebDriverWait
2025-08-12 15:21:59,321 - INFO - Screenshot saved to page_debug.png
2025-08-12 15:21:59,322 - INFO - Extraindo voo 1 para a data 19-02-2026...
2025-08-12 15:22:02,121 - INFO - Voo 1 extraído com sucesso: {'Data': '19-02-2026', 'Origem': 'FOR - 11:00', 'Destino': 'GIG - 14:20', 'Duração': '03:20', 'Operador': 'Direto', 'Preço': 'R$ 1.229,47'}
2025-08-12 15:22:02,121 - INFO - Extraindo voo 2 para a data 19-02-2026...
2025-08-12 15:22:04,322 - INFO - Voo 2 extraído com sucesso: {'Data': '19-02-2026', 'Origem': 'FOR - 14:05', 'Destino': 'SDU - 20:00', 'Duração': '05:55', 'Operador': '1 parada', 'Preço': 'R$ 1.367,47'}
2025-08-12 15:22:04,322 - INFO - Extraindo voo 3 para a data 19-02-2026...
2025-08-12 15:22:05,905 - INFO - Voo 3 extraído com sucesso: {'Data': '19-02-2026', 'Origem': 'FOR - 02:20', 'Destino': 'SDU - 08:25', 'Duração': '06:05', 'Operador': '1 parada', 'Preço': 'R$ 1.367,47'}
2025-08-12 15:22:05,905 - INFO - Total de voos extraídos para 19-02-2026: 3
2025-08-12 15:22:07,906 - INFO - Processando data: 20-02-2026
2025-08-12 15:22:07,906 - INFO - Acessando URL para a data 20-02-2026...
2025-08-12 15:22:19,849 - INFO - Attempting to locate the flight data table...
2025-08-12 15:22:25,653 - INFO - Table found using WebDriverWait
2025-08-12 15:22:26,482 - INFO - Screenshot saved to page_debug.png
2025-08-12 15:22:26,483 - INFO - Extraindo voo 1 para a data 20-02-2026...
2025-08-12 15:22:29,066 - INFO - Voo 1 extraído com sucesso: {'Data': '20-02-2026', 'Origem': 'FOR - 01:55', 'Destino': 'GIG - 05:15', 'Duração': '03:20', 'Operador': 'Direto', 'Preço': 'R$ 1.229,47'}
2025-08-12 15:22:29,066 - INFO - Extraindo voo 2 para a data 20-02-2026...
2025-08-12 15:22:30,803 - INFO - Voo 2 extraído com sucesso: {'Data': '20-02-2026', 'Origem': 'FOR - 11:00', 'Destino': 'GIG - 14:20', 'Duração': '03:20', 'Operador': 'Direto', 'Preço': 'R$ 1.229,47'}
2025-08-12 15:22:30,803 - INFO - Extraindo voo 3 para a data 20-02-2026...
2025-08-12 15:22:32,420 - INFO - Voo 3 extraído com sucesso: {'Data': '20-02-2026', 'Origem': 'FOR - 15:55', 'Destino': 'GIG - 19:15', 'Duração': '03:20', 'Operador': 'Direto', 'Preço': 'R$ 1.229,47'}
2025-08-12 15:22:32,420 - INFO - Total de voos extraídos para 20-02-2026: 3
2025-08-12 15:22:34,444 - INFO - Dados salvos em voos_gol_20250812_152234.csv
